[debug] [2023-09-11T06:35:55.459Z] ----------------------------------------------------------------------
[debug] [2023-09-11T06:35:55.461Z] Command:       C:\Program Files\nodejs\node.exe C:\Users\rohma\AppData\Roaming\npm\node_modules\firebase-tools\lib\bin\firebase.js init hosting
[debug] [2023-09-11T06:35:55.461Z] CLI Version:   12.5.3
[debug] [2023-09-11T06:35:55.461Z] Platform:      win32
[debug] [2023-09-11T06:35:55.461Z] Node Version:  v20.3.0
[debug] [2023-09-11T06:35:55.461Z] Time:          Mon Sep 11 2023 13:35:55 GMT+0700 (Waktu Indonesia Barat)
[debug] [2023-09-11T06:35:55.461Z] ----------------------------------------------------------------------
[debug] 
[debug] [2023-09-11T06:35:55.470Z] > command requires scopes: ["email","openid","https://www.googleapis.com/auth/cloudplatformprojects.readonly","https://www.googleapis.com/auth/firebase","https://www.googleapis.com/auth/cloud-platform"]
[debug] [2023-09-11T06:35:55.471Z] > authorizing via signed-in user (rohmatsetiawanmta@gmail.com)
[info] 
     ######## #### ########  ######## ########     ###     ######  ########
     ##        ##  ##     ## ##       ##     ##  ##   ##  ##       ##
     ######    ##  ########  ######   ########  #########  ######  ######
     ##        ##  ##    ##  ##       ##     ## ##     ##       ## ##
     ##       #### ##     ## ######## ########  ##     ##  ######  ########

You're about to initialize a Firebase project in this directory:

  C:\Users\rohma\Documents\OneDrive\Data\Work\Apply\Finfolk\Technical Test\pokemon-explorer

[info] 
=== Project Setup
[info] 
[info] First, let's associate this project directory with a Firebase project.
[info] You can create multiple project aliases by running firebase use --add, 
[info] but for now we'll just set up a default project.
[info] 
[debug] [2023-09-11T06:36:05.553Z] >>> [apiv2][query] GET https://firebase.googleapis.com/v1beta1/projects pageSize=100
[debug] [2023-09-11T06:36:06.344Z] <<< [apiv2][status] GET https://firebase.googleapis.com/v1beta1/projects 200
[debug] [2023-09-11T06:36:06.344Z] <<< [apiv2][body] GET https://firebase.googleapis.com/v1beta1/projects [omitted]
[info] i  Using project pokemon-explorer-6a401 (pokemon-explorer) 
[info] 
=== Hosting Setup
